2020-05-23 12:58:55,434 - INFO: training code for the params:
{
    "data_path": "/mnt/blossom/data/kgoyal/repos/graphsearch/product_graph_approach/data/clevr_0.2.pkl",
    "dataset": "clevr",
    "logfile": "/mnt/blossom/data/kgoyal/repos/graphsearch/product_graph_approach/logs/clevr_noise_0.2.log",
    "name": "clevr_0.2",
    "num_queries": 50,
    "num_queries_train": 10,
    "num_queries_eval": 10,
    "num_walks": 15,
    "max_length_walk": 15,
    "delta": 0.1,
    "epochs": 1000,
    "early_stopping": 10,
    "seed": 0,
    "restart_prob": 0.0,
    "nlayer1": 5,
    "nlayer2": 5,
    "elayer1": 5,
    "elayer2": 5,
    "nelayer1": 10,
    "nelayer2": 10,
    "dropout": 1.0,
    "one_hot": false,
    "sparse_walk": true,
    "walk_method": "random",
    "num_threads": 1
}
2020-05-23 16:03:03,151 - INFO: embeddings: found=0, not found=0
2020-05-23 16:03:03,229 - WARNING: From /mnt/blossom/data/kgoyal/repos/graphsearch/product_graph_approach/model.py:25: The name tf.placeholder is deprecated. Please use tf.compat.v1.placeholder instead.

2020-05-23 16:03:03,649 - WARNING: 
The TensorFlow contrib module will not be included in TensorFlow 2.0.
For more information, please see:
  * https://github.com/tensorflow/community/blob/master/rfcs/20180907-contrib-sunset.md
  * https://github.com/tensorflow/addons
  * https://github.com/tensorflow/io (for I/O related ops)
If you depend on functionality not listed there, please file an issue.

2020-05-23 16:03:10,303 - WARNING: From /mnt/blossom/more/kgoyal/repos/graphsearch/venv/lib/python3.6/site-packages/tensorflow_core/contrib/layers/python/layers/layers.py:1866: Layer.apply (from tensorflow.python.keras.engine.base_layer) is deprecated and will be removed in a future version.
Instructions for updating:
Please use `layer.__call__` method instead.
2020-05-23 16:03:11,680 - WARNING: From /mnt/blossom/data/kgoyal/repos/graphsearch/product_graph_approach/model.py:79: The name tf.sparse.placeholder is deprecated. Please use tf.compat.v1.sparse.placeholder instead.

2020-05-23 16:03:11,732 - WARNING: From /mnt/blossom/data/kgoyal/repos/graphsearch/product_graph_approach/model.py:95: The name tf.get_collection is deprecated. Please use tf.compat.v1.get_collection instead.

2020-05-23 16:03:11,733 - WARNING: From /mnt/blossom/data/kgoyal/repos/graphsearch/product_graph_approach/model.py:95: The name tf.GraphKeys is deprecated. Please use tf.compat.v1.GraphKeys instead.

2020-05-23 16:03:11,733 - WARNING: From /mnt/blossom/data/kgoyal/repos/graphsearch/product_graph_approach/model.py:97: The name tf.train.Saver is deprecated. Please use tf.compat.v1.train.Saver instead.

2020-05-23 16:03:11,804 - WARNING: From /mnt/blossom/data/kgoyal/repos/graphsearch/product_graph_approach/model.py:103: The name tf.summary.scalar is deprecated. Please use tf.compat.v1.summary.scalar instead.

2020-05-23 16:03:11,806 - WARNING: From /mnt/blossom/data/kgoyal/repos/graphsearch/product_graph_approach/model.py:104: The name tf.train.AdamOptimizer is deprecated. Please use tf.compat.v1.train.AdamOptimizer instead.

2020-05-23 16:03:14,129 - WARNING: From /mnt/blossom/data/kgoyal/repos/graphsearch/product_graph_approach/train.py:273: The name tf.Session is deprecated. Please use tf.compat.v1.Session instead.

2020-05-23 16:03:14,143 - WARNING: From /mnt/blossom/data/kgoyal/repos/graphsearch/product_graph_approach/train.py:273: The name tf.ConfigProto is deprecated. Please use tf.compat.v1.ConfigProto instead.

2020-05-23 16:03:14,722 - WARNING: From /mnt/blossom/data/kgoyal/repos/graphsearch/product_graph_approach/train.py:274: The name tf.global_variables_initializer is deprecated. Please use tf.compat.v1.global_variables_initializer instead.

2020-05-23 16:17:19,012 - INFO: epoch:	0,		val mean loss: 996.16797,		val mean average precision: 0.26584,		val mean reciprocal rank: 0.32858,		train mean loss: 998.90991,		train mean average precision: 0.25237,		train mean reciprocal rank: 0.34670,		time: 843.51
2020-05-23 16:36:11,024 - INFO: epoch:	1,		val mean loss: 993.57532,		val mean average precision: 0.27954,		val mean reciprocal rank: 0.38481,		train mean loss: 995.44690,		train mean average precision: 0.26892,		train mean reciprocal rank: 0.39320,		time: 1132.01
2020-05-23 16:53:33,185 - INFO: epoch:	2,		val mean loss: 990.24719,		val mean average precision: 0.29209,		val mean reciprocal rank: 0.42693,		train mean loss: 992.37195,		train mean average precision: 0.28364,		train mean reciprocal rank: 0.40734,		time: 1042.16
2020-05-23 17:10:43,981 - INFO: epoch:	3,		val mean loss: 985.75232,		val mean average precision: 0.30288,		val mean reciprocal rank: 0.45226,		train mean loss: 988.47772,		train mean average precision: 0.29612,		train mean reciprocal rank: 0.43441,		time: 1030.78
2020-05-23 17:27:50,683 - INFO: epoch:	4,		val mean loss: 978.89917,		val mean average precision: 0.31175,		val mean reciprocal rank: 0.47279,		train mean loss: 982.98462,		train mean average precision: 0.30505,		train mean reciprocal rank: 0.44916,		time: 1026.69
2020-05-23 17:48:52,139 - INFO: epoch:	5,		val mean loss: 968.31659,		val mean average precision: 0.31555,		val mean reciprocal rank: 0.48584,		train mean loss: 974.40631,		train mean average precision: 0.31258,		train mean reciprocal rank: 0.49151,		time: 1261.45
2020-05-23 18:16:13,846 - INFO: epoch:	6,		val mean loss: 956.22015,		val mean average precision: 0.32569,		val mean reciprocal rank: 0.50388,		train mean loss: 963.93018,		train mean average precision: 0.31775,		train mean reciprocal rank: 0.50324,		time: 1641.68
2020-05-23 18:40:09,225 - INFO: epoch:	7,		val mean loss: 944.18994,		val mean average precision: 0.33965,		val mean reciprocal rank: 0.51713,		train mean loss: 952.87091,		train mean average precision: 0.32903,		train mean reciprocal rank: 0.48787,		time: 1435.37
2020-05-23 19:04:38,265 - INFO: epoch:	8,		val mean loss: 932.44446,		val mean average precision: 0.35617,		val mean reciprocal rank: 0.55237,		train mean loss: 941.44244,		train mean average precision: 0.34044,		train mean reciprocal rank: 0.48830,		time: 1469.04
2020-05-23 19:19:46,411 - INFO: epoch:	9,		val mean loss: 921.71686,		val mean average precision: 0.37465,		val mean reciprocal rank: 0.59190,		train mean loss: 931.01514,		train mean average precision: 0.35396,		train mean reciprocal rank: 0.50346,		time: 908.14
2020-05-23 19:34:53,573 - INFO: epoch:	10,		val mean loss: 912.15039,		val mean average precision: 0.38790,		val mean reciprocal rank: 0.61384,		train mean loss: 921.39136,		train mean average precision: 0.36854,		train mean reciprocal rank: 0.52697,		time: 907.16
2020-05-23 19:52:06,279 - INFO: epoch:	11,		val mean loss: 903.88623,		val mean average precision: 0.39896,		val mean reciprocal rank: 0.60631,		train mean loss: 912.10602,		train mean average precision: 0.38220,		train mean reciprocal rank: 0.54952,		time: 1032.70
2020-05-23 20:09:06,954 - INFO: epoch:	12,		val mean loss: 896.41388,		val mean average precision: 0.40649,		val mean reciprocal rank: 0.59352,		train mean loss: 903.64740,		train mean average precision: 0.39445,		train mean reciprocal rank: 0.56218,		time: 1020.67
2020-05-23 20:26:54,999 - INFO: epoch:	13,		val mean loss: 889.56860,		val mean average precision: 0.41659,		val mean reciprocal rank: 0.59650,		train mean loss: 895.81061,		train mean average precision: 0.40816,		train mean reciprocal rank: 0.59338,		time: 1068.04
2020-05-23 20:42:54,211 - INFO: epoch:	14,		val mean loss: 882.94275,		val mean average precision: 0.42837,		val mean reciprocal rank: 0.62300,		train mean loss: 888.93365,		train mean average precision: 0.41965,		train mean reciprocal rank: 0.62255,		time: 959.21
2020-05-23 20:59:48,833 - INFO: epoch:	15,		val mean loss: 876.87274,		val mean average precision: 0.43921,		val mean reciprocal rank: 0.63491,		train mean loss: 882.55408,		train mean average precision: 0.43370,		train mean reciprocal rank: 0.62844,		time: 1014.60
2020-05-23 21:15:44,085 - INFO: epoch:	16,		val mean loss: 871.11920,		val mean average precision: 0.44958,		val mean reciprocal rank: 0.65050,		train mean loss: 876.54236,		train mean average precision: 0.44621,		train mean reciprocal rank: 0.64612,		time: 955.24
2020-05-23 21:28:25,242 - INFO: epoch:	17,		val mean loss: 865.36182,		val mean average precision: 0.45982,		val mean reciprocal rank: 0.67833,		train mean loss: 870.25928,		train mean average precision: 0.45920,		train mean reciprocal rank: 0.66437,		time: 761.16
2020-05-23 21:42:01,770 - INFO: epoch:	18,		val mean loss: 859.85797,		val mean average precision: 0.47201,		val mean reciprocal rank: 0.70500,		train mean loss: 864.23547,		train mean average precision: 0.47091,		train mean reciprocal rank: 0.66586,		time: 816.53
2020-05-23 21:54:28,765 - INFO: epoch:	19,		val mean loss: 854.43353,		val mean average precision: 0.48471,		val mean reciprocal rank: 0.74300,		train mean loss: 858.29022,		train mean average precision: 0.48287,		train mean reciprocal rank: 0.67556,		time: 746.99
2020-05-23 22:07:07,563 - INFO: epoch:	20,		val mean loss: 849.07245,		val mean average precision: 0.49526,		val mean reciprocal rank: 0.74119,		train mean loss: 852.25018,		train mean average precision: 0.49789,		train mean reciprocal rank: 0.68775,		time: 758.78
2020-05-23 22:19:30,685 - INFO: epoch:	21,		val mean loss: 844.06537,		val mean average precision: 0.50658,		val mean reciprocal rank: 0.74786,		train mean loss: 846.68921,		train mean average precision: 0.50960,		train mean reciprocal rank: 0.69756,		time: 743.12
2020-05-23 22:34:39,814 - INFO: epoch:	22,		val mean loss: 839.46423,		val mean average precision: 0.51524,		val mean reciprocal rank: 0.75452,		train mean loss: 841.24615,		train mean average precision: 0.52147,		train mean reciprocal rank: 0.72441,		time: 909.09
2020-05-23 22:48:52,214 - INFO: epoch:	23,		val mean loss: 835.25507,		val mean average precision: 0.52541,		val mean reciprocal rank: 0.76500,		train mean loss: 836.27509,		train mean average precision: 0.53322,		train mean reciprocal rank: 0.74825,		time: 852.38
2020-05-23 23:04:28,332 - INFO: epoch:	24,		val mean loss: 831.48737,		val mean average precision: 0.53178,		val mean reciprocal rank: 0.76833,		train mean loss: 831.65997,		train mean average precision: 0.54482,		train mean reciprocal rank: 0.77491,		time: 936.11
2020-05-23 23:18:41,107 - INFO: epoch:	25,		val mean loss: 828.08337,		val mean average precision: 0.53686,		val mean reciprocal rank: 0.76167,		train mean loss: 827.55273,		train mean average precision: 0.55209,		train mean reciprocal rank: 0.76936,		time: 852.76
2020-05-23 23:31:00,792 - INFO: epoch:	26,		val mean loss: 824.94214,		val mean average precision: 0.54314,		val mean reciprocal rank: 0.77500,		train mean loss: 823.74695,		train mean average precision: 0.56054,		train mean reciprocal rank: 0.77983,		time: 739.68
2020-05-23 23:44:21,672 - INFO: epoch:	27,		val mean loss: 822.13123,		val mean average precision: 0.54841,		val mean reciprocal rank: 0.78500,		train mean loss: 820.31281,		train mean average precision: 0.56687,		train mean reciprocal rank: 0.79452,		time: 800.86
2020-05-23 23:58:47,091 - INFO: epoch:	28,		val mean loss: 819.63477,		val mean average precision: 0.55405,		val mean reciprocal rank: 0.79833,		train mean loss: 817.06024,		train mean average precision: 0.57533,		train mean reciprocal rank: 0.79833,		time: 865.38
2020-05-24 00:13:21,603 - INFO: epoch:	29,		val mean loss: 817.46021,		val mean average precision: 0.55859,		val mean reciprocal rank: 0.81233,		train mean loss: 814.22986,		train mean average precision: 0.58205,		train mean reciprocal rank: 0.81952,		time: 874.48
2020-05-24 00:26:34,606 - INFO: epoch:	30,		val mean loss: 815.55786,		val mean average precision: 0.56152,		val mean reciprocal rank: 0.81233,		train mean loss: 811.73834,		train mean average precision: 0.58692,		train mean reciprocal rank: 0.81917,		time: 792.99
2020-05-24 00:38:19,951 - INFO: epoch:	31,		val mean loss: 813.70679,		val mean average precision: 0.56529,		val mean reciprocal rank: 0.81133,		train mean loss: 809.55908,		train mean average precision: 0.58956,		train mean reciprocal rank: 0.81056,		time: 705.34
2020-05-24 00:53:25,311 - INFO: epoch:	32,		val mean loss: 812.08362,		val mean average precision: 0.56888,		val mean reciprocal rank: 0.79133,		train mean loss: 807.65625,		train mean average precision: 0.59278,		train mean reciprocal rank: 0.81056,		time: 905.36
2020-05-24 01:06:30,514 - INFO: epoch:	33,		val mean loss: 810.67126,		val mean average precision: 0.57215,		val mean reciprocal rank: 0.78233,		train mean loss: 805.90820,		train mean average precision: 0.59862,		train mean reciprocal rank: 0.83389,		time: 785.20
2020-05-24 01:17:38,174 - INFO: epoch:	34,		val mean loss: 809.26733,		val mean average precision: 0.57617,		val mean reciprocal rank: 0.78133,		train mean loss: 804.43134,		train mean average precision: 0.60175,		train mean reciprocal rank: 0.85389,		time: 667.66
2020-05-24 01:25:49,747 - INFO: epoch:	35,		val mean loss: 808.06952,		val mean average precision: 0.57833,		val mean reciprocal rank: 0.77400,		train mean loss: 803.10315,		train mean average precision: 0.60438,		train mean reciprocal rank: 0.86389,		time: 491.56
2020-05-24 01:31:59,569 - INFO: epoch:	36,		val mean loss: 806.90564,		val mean average precision: 0.58064,		val mean reciprocal rank: 0.77067,		train mean loss: 801.90399,		train mean average precision: 0.60639,		train mean reciprocal rank: 0.84250,		time: 369.82
2020-05-24 01:39:10,306 - INFO: epoch:	37,		val mean loss: 805.81421,		val mean average precision: 0.58403,		val mean reciprocal rank: 0.77900,		train mean loss: 800.73346,		train mean average precision: 0.60883,		train mean reciprocal rank: 0.82917,		time: 430.74
2020-05-24 01:51:41,972 - INFO: epoch:	38,		val mean loss: 804.85938,		val mean average precision: 0.58636,		val mean reciprocal rank: 0.77733,		train mean loss: 799.65533,		train mean average precision: 0.61186,		train mean reciprocal rank: 0.83286,		time: 751.66
2020-05-24 02:03:12,428 - INFO: epoch:	39,		val mean loss: 803.98462,		val mean average precision: 0.58808,		val mean reciprocal rank: 0.76286,		train mean loss: 798.71228,		train mean average precision: 0.61389,		train mean reciprocal rank: 0.83619,		time: 690.45
2020-05-24 02:13:28,694 - INFO: epoch:	40,		val mean loss: 803.22089,		val mean average precision: 0.58875,		val mean reciprocal rank: 0.75250,		train mean loss: 797.88751,		train mean average precision: 0.61484,		train mean reciprocal rank: 0.83286,		time: 616.25
2020-05-24 02:21:13,663 - INFO: epoch:	41,		val mean loss: 802.51385,		val mean average precision: 0.58957,		val mean reciprocal rank: 0.73817,		train mean loss: 797.09210,		train mean average precision: 0.61625,		train mean reciprocal rank: 0.83286,		time: 464.97
2020-05-24 02:28:38,613 - INFO: epoch:	42,		val mean loss: 801.86548,		val mean average precision: 0.59011,		val mean reciprocal rank: 0.73789,		train mean loss: 796.38202,		train mean average precision: 0.61774,		train mean reciprocal rank: 0.83500,		time: 444.94
2020-05-24 02:39:43,760 - INFO: epoch:	43,		val mean loss: 801.27490,		val mean average precision: 0.59187,		val mean reciprocal rank: 0.75150,		train mean loss: 795.71252,		train mean average precision: 0.61961,		train mean reciprocal rank: 0.82733,		time: 665.14
2020-05-24 02:50:47,501 - INFO: epoch:	44,		val mean loss: 800.74713,		val mean average precision: 0.59315,		val mean reciprocal rank: 0.74717,		train mean loss: 795.12604,		train mean average precision: 0.62022,		train mean reciprocal rank: 0.82733,		time: 663.73
2020-05-24 03:00:57,400 - INFO: epoch:	45,		val mean loss: 800.23669,		val mean average precision: 0.59428,		val mean reciprocal rank: 0.74317,		train mean loss: 794.59235,		train mean average precision: 0.62087,		train mean reciprocal rank: 0.82733,		time: 609.90
2020-05-24 03:07:47,484 - INFO: epoch:	46,		val mean loss: 799.81213,		val mean average precision: 0.59584,		val mean reciprocal rank: 0.75352,		train mean loss: 794.09607,		train mean average precision: 0.62220,		train mean reciprocal rank: 0.81900,		time: 410.08
2020-05-24 03:14:10,872 - INFO: epoch:	47,		val mean loss: 799.38977,		val mean average precision: 0.59683,		val mean reciprocal rank: 0.75752,		train mean loss: 793.64764,		train mean average precision: 0.62390,		train mean reciprocal rank: 0.84067,		time: 383.37
2020-05-24 03:21:54,066 - INFO: epoch:	48,		val mean loss: 799.00732,		val mean average precision: 0.59846,		val mean reciprocal rank: 0.75752,		train mean loss: 793.23322,		train mean average precision: 0.62401,		train mean reciprocal rank: 0.84067,		time: 463.19
2020-05-24 03:31:59,884 - INFO: epoch:	49,		val mean loss: 798.68451,		val mean average precision: 0.59913,		val mean reciprocal rank: 0.74852,		train mean loss: 792.84546,		train mean average precision: 0.62499,		train mean reciprocal rank: 0.84167,		time: 605.81
2020-05-24 03:41:36,176 - INFO: epoch:	50,		val mean loss: 798.35352,		val mean average precision: 0.60065,		val mean reciprocal rank: 0.76852,		train mean loss: 792.44873,		train mean average precision: 0.62622,		train mean reciprocal rank: 0.84500,		time: 576.28
2020-05-24 03:51:30,541 - INFO: epoch:	51,		val mean loss: 798.06885,		val mean average precision: 0.60219,		val mean reciprocal rank: 0.77900,		train mean loss: 792.14752,		train mean average precision: 0.62674,		train mean reciprocal rank: 0.85167,		time: 594.36
2020-05-24 03:58:57,744 - INFO: epoch:	52,		val mean loss: 797.77625,		val mean average precision: 0.60367,		val mean reciprocal rank: 0.78900,		train mean loss: 791.80994,		train mean average precision: 0.62756,		train mean reciprocal rank: 0.85167,		time: 447.20
2020-05-24 04:05:52,370 - INFO: epoch:	53,		val mean loss: 797.52521,		val mean average precision: 0.60373,		val mean reciprocal rank: 0.78733,		train mean loss: 791.50079,		train mean average precision: 0.62829,		train mean reciprocal rank: 0.85167,		time: 414.62
2020-05-24 04:13:40,112 - INFO: epoch:	54,		val mean loss: 797.30542,		val mean average precision: 0.60383,		val mean reciprocal rank: 0.79067,		train mean loss: 791.22327,		train mean average precision: 0.62932,		train mean reciprocal rank: 0.85167,		time: 467.74
2020-05-24 04:22:13,327 - INFO: epoch:	55,		val mean loss: 797.11182,		val mean average precision: 0.60370,		val mean reciprocal rank: 0.78733,		train mean loss: 790.94446,		train mean average precision: 0.62964,		train mean reciprocal rank: 0.85167,		time: 513.21
2020-05-24 04:30:44,425 - INFO: epoch:	56,		val mean loss: 796.92853,		val mean average precision: 0.60400,		val mean reciprocal rank: 0.78733,		train mean loss: 790.66681,		train mean average precision: 0.63044,		train mean reciprocal rank: 0.85167,		time: 511.10
2020-05-24 04:39:28,355 - INFO: epoch:	57,		val mean loss: 796.71399,		val mean average precision: 0.60450,		val mean reciprocal rank: 0.78733,		train mean loss: 790.41077,		train mean average precision: 0.63150,		train mean reciprocal rank: 0.86167,		time: 523.93
2020-05-24 04:47:40,674 - INFO: epoch:	58,		val mean loss: 796.55530,		val mean average precision: 0.60495,		val mean reciprocal rank: 0.78733,		train mean loss: 790.16742,		train mean average precision: 0.63262,		train mean reciprocal rank: 0.86167,		time: 492.30
2020-05-24 04:55:26,738 - INFO: epoch:	59,		val mean loss: 796.40460,		val mean average precision: 0.60579,		val mean reciprocal rank: 0.78733,		train mean loss: 789.93225,		train mean average precision: 0.63267,		train mean reciprocal rank: 0.87167,		time: 466.06
2020-05-24 05:01:39,053 - INFO: epoch:	60,		val mean loss: 796.24469,		val mean average precision: 0.60621,		val mean reciprocal rank: 0.77733,		train mean loss: 789.72534,		train mean average precision: 0.63324,		train mean reciprocal rank: 0.87167,		time: 372.31
2020-05-24 05:07:54,443 - INFO: epoch:	61,		val mean loss: 796.10437,		val mean average precision: 0.60635,		val mean reciprocal rank: 0.77733,		train mean loss: 789.53632,		train mean average precision: 0.63320,		train mean reciprocal rank: 0.86333,		time: 375.39
2020-05-24 05:14:53,409 - INFO: epoch:	62,		val mean loss: 795.96765,		val mean average precision: 0.60631,		val mean reciprocal rank: 0.77733,		train mean loss: 789.33008,		train mean average precision: 0.63434,		train mean reciprocal rank: 0.87333,		time: 418.96
2020-05-24 05:23:52,942 - INFO: epoch:	63,		val mean loss: 795.84045,		val mean average precision: 0.60706,		val mean reciprocal rank: 0.78733,		train mean loss: 789.14899,		train mean average precision: 0.63532,		train mean reciprocal rank: 0.87333,		time: 539.53
2020-05-24 05:32:22,713 - INFO: epoch:	64,		val mean loss: 795.70978,		val mean average precision: 0.60825,		val mean reciprocal rank: 0.79733,		train mean loss: 788.96661,		train mean average precision: 0.63425,		train mean reciprocal rank: 0.86333,		time: 509.77
2020-05-24 05:42:02,421 - INFO: epoch:	65,		val mean loss: 795.59125,		val mean average precision: 0.60861,		val mean reciprocal rank: 0.80833,		train mean loss: 788.79321,		train mean average precision: 0.63447,		train mean reciprocal rank: 0.86333,		time: 579.71
2020-05-24 05:49:26,312 - INFO: epoch:	66,		val mean loss: 795.49432,		val mean average precision: 0.60886,		val mean reciprocal rank: 0.81167,		train mean loss: 788.65540,		train mean average precision: 0.63477,		train mean reciprocal rank: 0.86333,		time: 443.88
2020-05-24 05:55:54,295 - INFO: epoch:	67,		val mean loss: 795.39874,		val mean average precision: 0.60950,		val mean reciprocal rank: 0.81167,		train mean loss: 788.48193,		train mean average precision: 0.63511,		train mean reciprocal rank: 0.86333,		time: 387.98
2020-05-24 06:02:38,705 - INFO: epoch:	68,		val mean loss: 795.30219,		val mean average precision: 0.60946,		val mean reciprocal rank: 0.81167,		train mean loss: 788.34784,		train mean average precision: 0.63544,		train mean reciprocal rank: 0.86333,		time: 404.41
2020-05-24 06:11:30,814 - INFO: epoch:	69,		val mean loss: 795.20471,		val mean average precision: 0.60923,		val mean reciprocal rank: 0.81167,		train mean loss: 788.21771,		train mean average precision: 0.63570,		train mean reciprocal rank: 0.86333,		time: 532.10
2020-05-24 06:20:43,381 - INFO: epoch:	70,		val mean loss: 795.11737,		val mean average precision: 0.60925,		val mean reciprocal rank: 0.80333,		train mean loss: 788.07721,		train mean average precision: 0.63579,		train mean reciprocal rank: 0.86333,		time: 552.56
2020-05-24 06:29:15,520 - INFO: epoch:	71,		val mean loss: 795.03314,		val mean average precision: 0.60955,		val mean reciprocal rank: 0.80333,		train mean loss: 787.94537,		train mean average precision: 0.63630,		train mean reciprocal rank: 0.86333,		time: 512.13
2020-05-24 06:37:23,469 - INFO: epoch:	72,		val mean loss: 794.96930,		val mean average precision: 0.61053,		val mean reciprocal rank: 0.81333,		train mean loss: 787.82001,		train mean average precision: 0.63592,		train mean reciprocal rank: 0.86333,		time: 487.95
2020-05-24 06:43:43,663 - INFO: epoch:	73,		val mean loss: 794.89948,		val mean average precision: 0.61161,		val mean reciprocal rank: 0.81333,		train mean loss: 787.69366,		train mean average precision: 0.63638,		train mean reciprocal rank: 0.86333,		time: 380.19
2020-05-24 06:50:07,084 - INFO: epoch:	74,		val mean loss: 794.82196,		val mean average precision: 0.61185,		val mean reciprocal rank: 0.81333,		train mean loss: 787.55896,		train mean average precision: 0.63651,		train mean reciprocal rank: 0.86333,		time: 383.42
2020-05-24 06:56:33,201 - INFO: epoch:	75,		val mean loss: 794.77234,		val mean average precision: 0.61221,		val mean reciprocal rank: 0.81333,		train mean loss: 787.45337,		train mean average precision: 0.63725,		train mean reciprocal rank: 0.86667,		time: 386.11
2020-05-24 07:04:14,720 - INFO: epoch:	76,		val mean loss: 794.74042,		val mean average precision: 0.61212,		val mean reciprocal rank: 0.81333,		train mean loss: 787.31970,		train mean average precision: 0.63716,		train mean reciprocal rank: 0.86667,		time: 461.51
2020-05-24 07:11:50,497 - INFO: epoch:	77,		val mean loss: 794.69830,		val mean average precision: 0.61204,		val mean reciprocal rank: 0.81333,		train mean loss: 787.20819,		train mean average precision: 0.63816,		train mean reciprocal rank: 0.86667,		time: 455.77
2020-05-24 07:19:31,677 - INFO: epoch:	78,		val mean loss: 794.67609,		val mean average precision: 0.61247,		val mean reciprocal rank: 0.81333,		train mean loss: 787.09564,		train mean average precision: 0.63873,		train mean reciprocal rank: 0.86667,		time: 461.18
2020-05-24 07:26:42,041 - INFO: epoch:	79,		val mean loss: 794.63611,		val mean average precision: 0.61274,		val mean reciprocal rank: 0.81333,		train mean loss: 786.98065,		train mean average precision: 0.63953,		train mean reciprocal rank: 0.86667,		time: 430.36
2020-05-24 07:32:35,554 - INFO: epoch:	80,		val mean loss: 794.59509,		val mean average precision: 0.61343,		val mean reciprocal rank: 0.81333,		train mean loss: 786.85291,		train mean average precision: 0.63999,		train mean reciprocal rank: 0.86667,		time: 353.51
2020-05-24 07:37:53,771 - INFO: epoch:	81,		val mean loss: 794.56372,		val mean average precision: 0.61406,		val mean reciprocal rank: 0.81400,		train mean loss: 786.74493,		train mean average precision: 0.64017,		train mean reciprocal rank: 0.86667,		time: 318.22
2020-05-24 07:43:27,503 - INFO: epoch:	82,		val mean loss: 794.56311,		val mean average precision: 0.61432,		val mean reciprocal rank: 0.81567,		train mean loss: 786.67633,		train mean average precision: 0.64056,		train mean reciprocal rank: 0.86667,		time: 333.73
2020-05-24 07:50:21,139 - INFO: epoch:	83,		val mean loss: 794.52100,		val mean average precision: 0.61429,		val mean reciprocal rank: 0.81567,		train mean loss: 786.53906,		train mean average precision: 0.64121,		train mean reciprocal rank: 0.86667,		time: 413.63
2020-05-24 07:58:07,984 - INFO: epoch:	84,		val mean loss: 794.50482,		val mean average precision: 0.61448,		val mean reciprocal rank: 0.81667,		train mean loss: 786.44482,		train mean average precision: 0.64203,		train mean reciprocal rank: 0.86667,		time: 466.84
2020-05-24 08:05:53,431 - INFO: epoch:	85,		val mean loss: 794.47760,		val mean average precision: 0.61470,		val mean reciprocal rank: 0.81667,		train mean loss: 786.34424,		train mean average precision: 0.64262,		train mean reciprocal rank: 0.86667,		time: 465.44
2020-05-24 08:13:43,174 - INFO: epoch:	86,		val mean loss: 794.41174,		val mean average precision: 0.61503,		val mean reciprocal rank: 0.81667,		train mean loss: 786.23969,		train mean average precision: 0.64297,		train mean reciprocal rank: 0.86667,		time: 469.74
2020-05-24 08:20:43,768 - INFO: epoch:	87,		val mean loss: 794.40344,		val mean average precision: 0.61544,		val mean reciprocal rank: 0.81667,		train mean loss: 786.15515,		train mean average precision: 0.64324,		train mean reciprocal rank: 0.86667,		time: 420.59
2020-05-24 08:26:23,718 - INFO: epoch:	88,		val mean loss: 794.33734,		val mean average precision: 0.61618,		val mean reciprocal rank: 0.81667,		train mean loss: 786.03217,		train mean average precision: 0.64349,		train mean reciprocal rank: 0.86667,		time: 339.94
2020-05-24 08:32:18,135 - INFO: epoch:	89,		val mean loss: 794.38696,		val mean average precision: 0.61494,		val mean reciprocal rank: 0.81667,		train mean loss: 785.95471,		train mean average precision: 0.64378,		train mean reciprocal rank: 0.87000,		time: 354.42
2020-05-24 08:39:07,115 - INFO: epoch:	90,		val mean loss: 794.37927,		val mean average precision: 0.61559,		val mean reciprocal rank: 0.82667,		train mean loss: 785.80573,		train mean average precision: 0.64570,		train mean reciprocal rank: 0.88000,		time: 408.97
2020-05-24 08:46:26,752 - INFO: epoch:	91,		val mean loss: 794.40546,		val mean average precision: 0.61507,		val mean reciprocal rank: 0.82667,		train mean loss: 785.70978,		train mean average precision: 0.64768,		train mean reciprocal rank: 0.90000,		time: 439.63
2020-05-24 08:54:50,105 - INFO: epoch:	92,		val mean loss: 794.45538,		val mean average precision: 0.61515,		val mean reciprocal rank: 0.82667,		train mean loss: 785.60175,		train mean average precision: 0.64823,		train mean reciprocal rank: 0.90000,		time: 503.35
2020-05-24 08:54:50,106 - INFO: Early stopping
2020-05-24 08:54:50,259 - INFO: Model saved in file: ./checkpoints/clevr_0.2.ckpt
2020-05-24 08:58:34,944 - INFO: average precision at k: 
[0.74       0.75       0.73333333 0.755      0.736      0.71666667
 0.70857143 0.6975     0.68666667 0.676      0.66545455 0.66333333
 0.65538462 0.64285714 0.63466667 0.6325     0.62823529 0.62555556
 0.61789474 0.614      0.61047619 0.59636364 0.58608696 0.57833333
 0.568      0.55692308 0.54518519 0.53571429 0.52758621 0.51933333
 0.50903226 0.500625   0.49272727 0.48705882 0.48       0.47222222
 0.46324324 0.45736842 0.44923077 0.444      0.43512195 0.42619048
 0.42       0.41409091 0.40622222 0.39956522 0.39319149 0.38708333
 0.38040816 0.3736     0.36745098 0.36307692 0.35698113 0.35222222
 0.34690909 0.34178571 0.33614035 0.33103448 0.32610169 0.322
 0.31803279 0.31322581 0.30920635 0.305      0.30092308 0.29727273
 0.29373134 0.29029412 0.28608696 0.28314286 0.27943662 0.27611111
 0.27260274 0.26918919 0.26586667 0.26236842 0.25896104 0.25564103
 0.25240506 0.24925    0.24641975 0.24341463 0.24048193 0.23761905
 0.23482353 0.23209302 0.22942529 0.22681818 0.22426966 0.22177778
 0.21956044 0.21717391 0.21483871 0.21255319 0.21052632 0.20833333
 0.20618557 0.20408163 0.2020202  0.2       ]
2020-05-24 08:58:34,948 - INFO: Average precision: 
[0.855476237532453, 0.35020951815934215, 0.7304440817037566, 0.7204758445888476, 0.40325613727114107, 0.6988672492534456, 0.623302824626354, 0.8246913967966598, 0.3578766696698073, 0.4651678225486665, 0.5109374737200636, 0.6338147404163018, 0.9498826432282316, 0.4444786519249536, 0.7862176388294809, 0.6182696866922373, 0.7647780357963424, 0.44717974754004164, 0.4947074549469968, 0.7508425191156579, 0.7209923607276328, 0.7966306911687346, 0.5368078724764401, 0.7299011395853496, 0.5751992528013796, 0.80376409506996, 0.6211986521154976, 0.9325890544987245, 0.7302415913608906, 0.41464519776987274, 0.7448623697508551, 0.5910272073623046, 0.7862757286286698, 0.3192093689016254, 0.7321435328517373, 0.7627833320669912, 0.871120200445783, 0.7905981240981241, 0.6625608682227248, 0.6716118569918381, 0.7528358016708944, 0.9487075840070395, 0.44091489117212, 0.6757300255718616, 0.6433665905118805, 0.6974274396182742, 0.40193589033178573, 0.8134906605063614, 0.6646155941345218, 0.4581005526343221]
2020-05-24 08:58:34,949 - INFO: Reciprocal rank: 
[1.0, 0.25, 1.0, 1.0, 0.5, 1.0, 1.0, 1.0, 1.0, 0.5, 0.3333333333333333, 1.0, 1.0, 0.5, 1.0, 0.5, 1.0, 0.5, 0.3333333333333333, 1.0, 1.0, 1.0, 1.0, 1.0, 0.5, 1.0, 1.0, 1.0, 1.0, 0.3333333333333333, 1.0, 1.0, 1.0, 0.125, 1.0, 1.0, 1.0, 1.0, 1.0, 1.0, 1.0, 1.0, 0.5, 1.0, 1.0, 1.0, 1.0, 1.0, 1.0, 0.25]
2020-05-24 08:58:34,950 - INFO: test mean loss: 784.83130,		test mean average precision: 0.65444,		test mean reciprocal rank: 0.84250,
