---------------------------------------------------------------------------------
0.0
iter 1, loss 0.8309, grad_scale 10.0000, param_scale 19.3108, graph_vec_scale 0.0097, sim_pos -0.1545, sim_neg -0.2859, sim_diff 0.1315, time 184.25s
iter 2, loss 0.8056, grad_scale 10.0000, param_scale 19.2163, graph_vec_scale 0.0041, sim_pos -0.0281, sim_neg -0.0498, sim_diff 0.0216, time 54.06s
iter 3, loss 0.8016, grad_scale 10.0000, param_scale 19.1471, graph_vec_scale 0.0021, sim_pos -0.0081, sim_neg -0.0139, sim_diff 0.0058, time 57.01s
iter 4, loss 0.8002, grad_scale 7.5267, param_scale 19.0923, graph_vec_scale 0.0005, sim_pos -0.0008, sim_neg -0.0019, sim_diff 0.0011, time 56.42s
iter 5, loss 0.8001, grad_scale 3.3302, param_scale 19.0518, graph_vec_scale 0.0001, sim_pos -0.0003, sim_neg -0.0005, sim_diff 0.0002, time 55.27s
, test/mean_average_precision 0.36777246438971567, test/mean_reciprocal_rank 0.47969342585519054, test/average_precision_at_k_list [0.26       0.32       0.32666667 0.355      0.328      0.33666667
 0.36571429 0.355      0.34222222 0.334      0.32909091 0.33166667
 0.32461538 0.32428571 0.32533333 0.3325     0.33529412 0.33333333
 0.33263158 0.331      0.32666667 0.32818182 0.33043478 0.33083333
 0.3288     0.32692308 0.32148148 0.32142857 0.32206897 0.32133333
 0.32258065 0.319375   0.32       0.32117647 0.31942857 0.31777778
 0.3172973  0.31473684 0.31282051 0.3125     0.31073171 0.30904762
 0.30837209 0.30818182 0.30488889 0.30478261 0.30212766 0.29916667
 0.29673469 0.2932     0.29411765 0.29153846 0.29132075 0.28851852
 0.28727273 0.28535714 0.28350877 0.28034483 0.27627119 0.275
 0.27311475 0.26967742 0.26920635 0.2678125  0.26615385 0.26363636
 0.26238806 0.26117647 0.25942029 0.25714286 0.2543662  0.25194444
 0.24931507 0.24756757 0.2456     0.24342105 0.24077922 0.23871795
 0.23721519 0.23575    0.23358025 0.23121951 0.22915663 0.22761905
 0.22611765 0.2244186  0.22252874 0.22022727 0.2188764  0.21777778
 0.21648352 0.21478261 0.21290323 0.2112766  0.20926316 0.20729167
 0.20536082 0.20367347 0.20181818 0.2       ], test/average precision [0.25828887877525997, 0.23405133154494515, 0.4939593425532343, 0.7205714083275397, 0.3276355935300211, 0.34574863517094073, 0.3680597074963805, 0.6341263895510411, 0.3650389845631878, 0.4318183955326048, 0.3326989707978594, 0.2516354030115079, 0.8504278070010335, 0.2823865645603625, 0.45779256888029707, 0.5339108802215394, 0.3088365984053419, 0.4374051070766238, 0.18325908283998596, 0.43251496569470244, 0.3916704072139161, 0.3147196076920684, 0.4481265804993727, 0.36382725763895013, 0.18548007434028224, 0.3141973694376878, 0.3299827684216616, 0.2031581601536836, 0.15509299185164643, 0.43813487034981763, 0.3989719341903454, 0.4014827193281677, 0.19646671169686297, 0.3946076391466601, 0.4225579760062195, 0.21070918283746418, 0.2749746054493805, 0.35160420127050845, 0.4758444322371186, 0.35908789584994183, 0.31418908410042407, 0.36693087807942437, 0.42193025461417183, 0.6958010299455866, 0.16810892550836123, 0.15067891327645336, 0.16096622141802963, 0.49204262339327115, 0.31569108078337343, 0.4214202072205221], test/reciprocal rank [0.5, 0.14285714285714285, 1.0, 1.0, 0.5, 0.14285714285714285, 0.25, 1.0, 0.3333333333333333, 1.0, 0.25, 0.09090909090909091, 1.0, 0.5, 0.5, 1.0, 0.5, 0.5, 0.06666666666666667, 0.3333333333333333, 0.25, 0.3333333333333333, 0.5, 0.25, 0.1, 0.3333333333333333, 0.5, 0.14285714285714285, 0.045454545454545456, 1.0, 1.0, 1.0, 0.05555555555555555, 0.5, 0.25, 0.3333333333333333, 0.3333333333333333, 1.0, 0.5, 0.25, 0.5, 1.0, 1.0, 1.0, 0.058823529411764705, 0.1, 0.0625, 0.3333333333333333, 0.14285714285714285, 0.5]
---------------------------------------------------------------------------------
0.02
iter 1, loss 0.8330, grad_scale 10.0000, param_scale 19.3102, graph_vec_scale 0.0097, sim_pos -0.1651, sim_neg -0.3103, sim_diff 0.1452, time 182.71s
iter 2, loss 0.8058, grad_scale 10.0000, param_scale 19.2166, graph_vec_scale 0.0045, sim_pos -0.0289, sim_neg -0.0562, sim_diff 0.0273, time 31.02s
iter 3, loss 0.8012, grad_scale 10.0000, param_scale 19.1510, graph_vec_scale 0.0024, sim_pos -0.0061, sim_neg -0.0072, sim_diff 0.0011, time 30.79s
iter 4, loss 0.8006, grad_scale 10.0000, param_scale 19.0947, graph_vec_scale 0.0006, sim_pos -0.0029, sim_neg -0.0035, sim_diff 0.0006, time 25.83s
iter 5, loss 0.8001, grad_scale 5.5486, param_scale 19.0512, graph_vec_scale 0.0006, sim_pos -0.0004, sim_neg -0.0009, sim_diff 0.0005, time 24.31s
, test/mean_average_precision 0.40454307129149675, test/mean_reciprocal_rank 0.5679415204678362, test/average_precision_at_k_list [0.36       0.4        0.39333333 0.395      0.428      0.42
 0.42285714 0.405      0.40888889 0.404      0.40181818 0.39666667
 0.38923077 0.39428571 0.40133333 0.395      0.39529412 0.38777778
 0.38526316 0.384      0.38190476 0.38090909 0.37130435 0.37083333
 0.3704     0.36538462 0.36074074 0.35785714 0.35448276 0.35333333
 0.3516129  0.34875    0.34606061 0.34411765 0.344      0.34
 0.33513514 0.32842105 0.32666667 0.3235     0.32       0.31857143
 0.31581395 0.31454545 0.31377778 0.30913043 0.30510638 0.30333333
 0.30244898 0.2992     0.29568627 0.29307692 0.28867925 0.28888889
 0.28654545 0.28607143 0.28491228 0.28344828 0.28101695 0.27866667
 0.2757377  0.27258065 0.27079365 0.26875    0.26615385 0.26515152
 0.26208955 0.26058824 0.25768116 0.25628571 0.25352113 0.25194444
 0.24958904 0.24783784 0.24666667 0.24394737 0.24233766 0.24051282
 0.23848101 0.23675    0.23481481 0.23292683 0.2313253  0.2297619
 0.22776471 0.22627907 0.22436782 0.22295455 0.22134831 0.21977778
 0.21802198 0.21565217 0.21376344 0.21170213 0.20989474 0.20791667
 0.20597938 0.20408163 0.2020202  0.2       ], test/average precision [0.47949096742701836, 0.42965951332022756, 0.4002776628890642, 0.5006620483479167, 0.40777008047738705, 0.6222302152779842, 0.3930231182192315, 0.4056848457764087, 0.2995085769563318, 0.36396935720235946, 0.6417400042276017, 0.4113608028595236, 0.8344716951712702, 0.34086127492579055, 0.22214374270740303, 0.493216973664687, 0.296640334110765, 0.40574076447391494, 0.2940980335340077, 0.45337503088512615, 0.24100498428186384, 0.5765279676866288, 0.41096464982621655, 0.22542928490034925, 0.24695709086747505, 0.5607320366632308, 0.28772618745050116, 0.253731531505179, 0.172921074956664, 0.25101868073302136, 0.19271186609390822, 0.31887689875914527, 0.19350931435298785, 0.3320748630190812, 0.7359724241373857, 0.41918488250840225, 0.5511600015880479, 0.21067275839068295, 0.6639315500843734, 0.5619303388942503, 0.40026873698238985, 0.2681993503090806, 0.364126905454615, 0.4130242187006893, 0.26622419007225406, 0.5063475691609252, 0.2919471749925785, 0.4385694458721419, 0.6514210442723678, 0.5240614996043809], test/reciprocal rank [1.0, 0.5, 1.0, 1.0, 0.5, 1.0, 0.3333333333333333, 0.2, 0.5, 0.5, 0.5, 1.0, 1.0, 1.0, 0.3333333333333333, 1.0, 0.1111111111111111, 0.25, 0.25, 1.0, 0.2, 1.0, 1.0, 0.2, 0.2, 1.0, 0.25, 0.16666666666666666, 0.05263157894736842, 0.16666666666666666, 0.06666666666666667, 0.3333333333333333, 0.2, 0.3333333333333333, 1.0, 1.0, 0.5, 0.25, 1.0, 1.0, 1.0, 0.5, 0.5, 0.5, 0.16666666666666666, 0.5, 0.3333333333333333, 1.0, 0.5, 0.5]
---------------------------------------------------------------------------------
0.04
iter 1, loss 0.8356, grad_scale 10.0000, param_scale 19.3090, graph_vec_scale 0.0096, sim_pos -0.1782, sim_neg -0.3347, sim_diff 0.1565, time 81.42s
iter 2, loss 0.8050, grad_scale 10.0000, param_scale 19.2130, graph_vec_scale 0.0029, sim_pos -0.0249, sim_neg -0.0510, sim_diff 0.0261, time 32.44s
iter 3, loss 0.8015, grad_scale 10.0000, param_scale 19.1503, graph_vec_scale 0.0020, sim_pos -0.0073, sim_neg -0.0096, sim_diff 0.0023, time 41.23s
iter 4, loss 0.8003, grad_scale 10.0000, param_scale 19.0957, graph_vec_scale 0.0007, sim_pos -0.0014, sim_neg -0.0021, sim_diff 0.0007, time 62.05s
iter 5, loss 0.8001, grad_scale 8.2850, param_scale 19.0517, graph_vec_scale 0.0003, sim_pos -0.0005, sim_neg -0.0006, sim_diff 0.0001, time 53.33s
, test/mean_average_precision 0.36059020308574125, test/mean_reciprocal_rank 0.5356713564213564, test/average_precision_at_k_list [0.34       0.31       0.31333333 0.34       0.368      0.37333333
 0.37714286 0.3725     0.37111111 0.366      0.36545455 0.37
 0.37076923 0.36428571 0.36133333 0.3575     0.34941176 0.34888889
 0.34631579 0.346      0.34761905 0.34454545 0.3426087  0.33833333
 0.3352     0.33230769 0.33037037 0.32214286 0.32       0.31733333
 0.31096774 0.304375   0.30121212 0.30117647 0.30057143 0.30111111
 0.2972973  0.29684211 0.29487179 0.294      0.29268293 0.29047619
 0.28976744 0.28863636 0.288      0.2873913  0.28595745 0.28458333
 0.28326531 0.2804     0.27843137 0.27769231 0.27471698 0.27259259
 0.26981818 0.26785714 0.26561404 0.26413793 0.26372881 0.26166667
 0.26065574 0.2583871  0.25587302 0.255      0.25476923 0.25393939
 0.25283582 0.25147059 0.25043478 0.25       0.24816901 0.24555556
 0.24410959 0.24297297 0.24026667 0.23842105 0.23714286 0.23641026
 0.23518987 0.234      0.23283951 0.23170732 0.22963855 0.22738095
 0.22517647 0.22325581 0.22137931 0.22       0.21820225 0.21666667
 0.21472527 0.21347826 0.21204301 0.21042553 0.20842105 0.206875
 0.2057732  0.20387755 0.2020202  0.2       ], test/average precision [0.5711059751826623, 0.27006038425089474, 0.28303973100060575, 0.3039606461582363, 0.32620501190543727, 0.26220206211479785, 0.7368572900754078, 0.545126594872034, 0.3575936787268954, 0.3540866912491255, 0.4363143093725944, 0.45905934377205204, 0.6778547650748952, 0.2964256160256855, 0.24814944573847025, 0.48577673004645827, 0.39250563792636484, 0.3193698919154332, 0.4129704469077888, 0.36551929859322385, 0.2993044237562744, 0.4033995843294728, 0.46808336582292076, 0.2408800127256323, 0.37836208072340655, 0.33763038210256213, 0.1730614634010012, 0.1908950019191663, 0.23422878661912633, 0.23183876703293546, 0.18490064862280725, 0.2517998295740044, 0.22563621734378403, 0.32794498598427235, 0.689880491002971, 0.27164715403279044, 0.33040308641817645, 0.23282102377681912, 0.45309324749030644, 0.4457129032973078, 0.3833484046612604, 0.27477151105636094, 0.3185918553496277, 0.48193297482155834, 0.25666616262084807, 0.3636787974928272, 0.37532065726937835, 0.28747477148719935, 0.35284892246652366, 0.4591690901766811], test/reciprocal rank [1.0, 0.2, 1.0, 0.5, 0.2, 0.25, 1.0, 0.5, 1.0, 1.0, 0.5, 0.5, 1.0, 0.3333333333333333, 1.0, 0.5, 0.25, 0.25, 1.0, 1.0, 0.2, 1.0, 1.0, 0.5, 0.3333333333333333, 0.16666666666666666, 0.0625, 0.14285714285714285, 0.16666666666666666, 0.2, 0.09090909090909091, 0.1, 0.14285714285714285, 0.3333333333333333, 1.0, 0.25, 0.5, 1.0, 1.0, 0.5, 1.0, 0.25, 1.0, 1.0, 0.25, 0.1111111111111111, 0.3333333333333333, 0.5, 0.3333333333333333, 0.3333333333333333]
---------------------------------------------------------------------------------
0.06
iter 1, loss 0.8378, grad_scale 10.0000, param_scale 19.3072, graph_vec_scale 0.0093, sim_pos -0.1892, sim_neg -0.3525, sim_diff 0.1632, time 227.13s
iter 2, loss 0.8042, grad_scale 10.0000, param_scale 19.2108, graph_vec_scale 0.0029, sim_pos -0.0210, sim_neg -0.0399, sim_diff 0.0188, time 52.35s
iter 3, loss 0.8012, grad_scale 10.0000, param_scale 19.1509, graph_vec_scale 0.0015, sim_pos -0.0059, sim_neg -0.0083, sim_diff 0.0024, time 60.66s
iter 4, loss 0.8003, grad_scale 10.0000, param_scale 19.0938, graph_vec_scale 0.0005, sim_pos -0.0015, sim_neg -0.0025, sim_diff 0.0010, time 55.76s
iter 5, loss 0.8001, grad_scale 4.5733, param_scale 19.0515, graph_vec_scale 0.0002, sim_pos -0.0005, sim_neg -0.0006, sim_diff 0.0001, time 59.79s
, test/mean_average_precision 0.3720289933602979, test/mean_reciprocal_rank 0.5581666666666667, test/average_precision_at_k_list [0.36       0.4        0.39333333 0.39       0.404      0.38333333
 0.38571429 0.3775     0.36888889 0.366      0.36181818 0.36
 0.36153846 0.35571429 0.34666667 0.35125    0.35058824 0.34888889
 0.34736842 0.34       0.33714286 0.33090909 0.32782609 0.325
 0.3224     0.31923077 0.31777778 0.31642857 0.31241379 0.31
 0.3083871  0.3075     0.30242424 0.30411765 0.30057143 0.30111111
 0.29837838 0.29578947 0.29487179 0.293      0.29170732 0.29
 0.28930233 0.28818182 0.28755556 0.28695652 0.28255319 0.28125
 0.27877551 0.2776     0.27607843 0.27538462 0.27245283 0.27074074
 0.26981818 0.26785714 0.26526316 0.2637931  0.26237288 0.26066667
 0.25967213 0.25741935 0.25555556 0.253125   0.25107692 0.24848485
 0.24716418 0.24529412 0.24405797 0.24342857 0.24169014 0.23972222
 0.23780822 0.23675676 0.23546667 0.23394737 0.23272727 0.23153846
 0.22886076 0.228      0.22790123 0.22634146 0.22409639 0.22261905
 0.22188235 0.21976744 0.2183908  0.21704545 0.21550562 0.21444444
 0.21296703 0.21152174 0.21053763 0.20893617 0.20757895 0.20625
 0.20494845 0.20326531 0.20161616 0.2       ], test/average precision [0.3834088988973142, 0.31199505335117467, 0.2340527550690808, 0.1929748197445563, 0.2573328965839167, 0.5787297681281712, 0.4376713664590216, 0.42194282115992643, 0.29714466857309235, 0.32267007783662616, 0.5385338875449169, 0.4245173855659722, 0.9337903917547881, 0.19561478309255648, 0.19332890919508722, 0.41022626528049627, 0.6913683126595479, 0.19896796271172276, 0.32139601267133977, 0.20765022088436974, 0.42040545475903246, 0.4667196202723581, 0.3888790212743861, 0.22956887086568784, 0.3653132797181404, 0.692817934773746, 0.28174260045228566, 0.1796650616827435, 0.17207931811885963, 0.20742855174519423, 0.29391605268872306, 0.2431130356308834, 0.29225805994268966, 0.2642437490366881, 0.7309323502735862, 0.3417958518530611, 0.326656917483272, 0.27475487009178223, 0.39040593002184115, 0.44340278251734705, 0.566763735240814, 0.22349803548143207, 0.41272984849242833, 0.21068287913152636, 0.30609517685854326, 0.3889529795109762, 0.35707818324186363, 0.32455780416259705, 0.7825601412653842, 0.46911431426334127], test/reciprocal rank [0.25, 1.0, 0.25, 0.16666666666666666, 0.3333333333333333, 1.0, 0.5, 0.5, 1.0, 0.5, 1.0, 1.0, 1.0, 0.2, 0.1111111111111111, 0.5, 1.0, 0.125, 1.0, 0.1111111111111111, 0.3333333333333333, 0.5, 0.3333333333333333, 0.2, 1.0, 1.0, 0.2, 0.1, 0.05, 0.1111111111111111, 0.5, 1.0, 0.2, 0.16666666666666666, 1.0, 0.5, 0.5, 1.0, 0.5, 1.0, 1.0, 0.16666666666666666, 0.3333333333333333, 0.3333333333333333, 1.0, 1.0, 0.5, 0.5, 1.0, 0.3333333333333333]
---------------------------------------------------------------------------------
0.10
iter 1, loss 0.8392, grad_scale 10.0000, param_scale 19.3040, graph_vec_scale 0.0084, sim_pos -0.1959, sim_neg -0.3607, sim_diff 0.1648, time 202.29s
iter 2, loss 0.8052, grad_scale 10.0000, param_scale 19.2072, graph_vec_scale 0.0031, sim_pos -0.0260, sim_neg -0.0405, sim_diff 0.0145, time 58.93s
iter 3, loss 0.8013, grad_scale 10.0000, param_scale 19.1462, graph_vec_scale 0.0015, sim_pos -0.0065, sim_neg -0.0099, sim_diff 0.0035, time 59.74s
iter 4, loss 0.8003, grad_scale 10.0000, param_scale 19.0857, graph_vec_scale 0.0005, sim_pos -0.0014, sim_neg -0.0027, sim_diff 0.0013, time 46.64s
iter 5, loss 0.8001, grad_scale 4.3836, param_scale 19.0442, graph_vec_scale 0.0001, sim_pos -0.0003, sim_neg -0.0005, sim_diff 0.0001, time 43.79s
, test/mean_average_precision 0.3589809502532384, test/mean_reciprocal_rank 0.5489603174603175, test/average_precision_at_k_list [0.34       0.37       0.4        0.415      0.396      0.4
 0.38571429 0.38       0.37777778 0.368      0.36727273 0.35833333
 0.36307692 0.36       0.35466667 0.3425     0.33529412 0.33333333
 0.33052632 0.326      0.32095238 0.32181818 0.32956522 0.32416667
 0.3192     0.32       0.31925926 0.31642857 0.31172414 0.31133333
 0.30709677 0.3025     0.29636364 0.29411765 0.29371429 0.29111111
 0.29189189 0.29       0.28923077 0.291      0.28926829 0.28857143
 0.28604651 0.28590909 0.28311111 0.28217391 0.28212766 0.27958333
 0.27632653 0.2732     0.27215686 0.26961538 0.26792453 0.2662963
 0.26436364 0.26357143 0.26245614 0.26068966 0.25898305 0.25666667
 0.25442623 0.25225806 0.25238095 0.2503125  0.24861538 0.24575758
 0.24537313 0.24470588 0.24231884 0.24028571 0.23943662 0.2375
 0.23534247 0.23378378 0.23253333 0.23052632 0.22883117 0.22717949
 0.22582278 0.22425    0.22271605 0.22121951 0.22072289 0.2202381
 0.21952941 0.21813953 0.21701149 0.21568182 0.21370787 0.21244444
 0.21142857 0.21086957 0.2088172  0.20702128 0.20589474 0.205
 0.20350515 0.2022449  0.20121212 0.2       ], test/average precision [0.3238870326380351, 0.5449994917793739, 0.2678822508994583, 0.27721491656740554, 0.372877050148501, 0.5031778777658937, 0.2875772470546847, 0.3690260046752637, 0.32910221882696367, 0.4816193651372404, 0.4022708429640975, 0.22878848586265987, 0.6054834559296234, 0.31731268324287204, 0.42345548559249907, 0.3194517855991972, 0.700707535509353, 0.331610422371963, 0.27985739651496366, 0.18667724919895468, 0.27003571092046236, 0.48331114503875494, 0.2652149426282942, 0.5202240838760666, 0.2530469026590367, 0.5743965111889857, 0.46881713298386946, 0.41389352192221435, 0.24520821864840942, 0.2814380960896644, 0.17712526377149387, 0.26451245303950954, 0.4616253552079847, 0.27681099706572254, 0.4865746074388316, 0.3169311582297147, 0.3144245379448801, 0.23816916994465065, 0.3997741659224682, 0.6293853907481757, 0.3238490293448228, 0.1779603079745908, 0.5217745624074253, 0.3379206652744108, 0.18273200074409965, 0.16989011010212773, 0.21703558347156418, 0.2759651898298179, 0.39846873083594564, 0.449553169128927], test/reciprocal rank [0.3333333333333333, 1.0, 0.25, 0.5, 0.5, 1.0, 0.25, 0.3333333333333333, 0.2, 0.5, 1.0, 0.5, 1.0, 0.25, 1.0, 1.0, 1.0, 0.3333333333333333, 0.25, 0.1111111111111111, 0.14285714285714285, 1.0, 0.5, 1.0, 0.2, 1.0, 1.0, 1.0, 0.3333333333333333, 1.0, 0.047619047619047616, 0.5, 0.5, 0.16666666666666666, 1.0, 0.5, 0.5, 0.25, 0.5, 1.0, 0.25, 0.07142857142857142, 1.0, 1.0, 0.2, 0.25, 0.1, 0.125, 0.5, 0.5]
---------------------------------------------------------------------------------
0.12
iter 1, loss 0.8400, grad_scale 10.0000, param_scale 19.3024, graph_vec_scale 0.0080, sim_pos -0.2001, sim_neg -0.3608, sim_diff 0.1608, time 68.59s
iter 2, loss 0.8057, grad_scale 10.0000, param_scale 19.2054, graph_vec_scale 0.0030, sim_pos -0.0287, sim_neg -0.0419, sim_diff 0.0132, time 21.68s
iter 3, loss 0.8020, grad_scale 10.0000, param_scale 19.1447, graph_vec_scale 0.0019, sim_pos -0.0099, sim_neg -0.0101, sim_diff 0.0002, time 20.46s
iter 4, loss 0.8002, grad_scale 8.4558, param_scale 19.0907, graph_vec_scale 0.0004, sim_pos -0.0012, sim_neg -0.0018, sim_diff 0.0007, time 32.21s
iter 5, loss 0.8002, grad_scale 7.2401, param_scale 19.0444, graph_vec_scale 0.0005, sim_pos -0.0008, sim_neg -0.0010, sim_diff 0.0002, time 48.31s
, test/mean_average_precision 0.3112686684220857, test/mean_reciprocal_rank 0.4602408605886867, test/average_precision_at_k_list [0.3        0.27       0.28       0.28       0.276      0.27666667
 0.28285714 0.2825     0.28666667 0.284      0.28909091 0.28333333
 0.28461538 0.28428571 0.28       0.275      0.27176471 0.27444444
 0.27368421 0.268      0.26380952 0.26636364 0.26608696 0.26833333
 0.2688     0.26692308 0.26296296 0.26285714 0.26137931 0.26
 0.26       0.258125   0.25818182 0.25588235 0.25542857 0.25388889
 0.25459459 0.25473684 0.25794872 0.256      0.25463415 0.25190476
 0.25116279 0.25       0.248      0.24826087 0.24638298 0.24541667
 0.24489796 0.2432     0.24313725 0.24192308 0.24037736 0.23962963
 0.23854545 0.23821429 0.23719298 0.2362069  0.23491525 0.23366667
 0.23114754 0.23       0.22952381 0.2290625  0.22923077 0.22878788
 0.22656716 0.225      0.22405797 0.22171429 0.22112676 0.22083333
 0.22       0.21891892 0.21893333 0.21763158 0.2161039  0.21589744
 0.21518987 0.215      0.21382716 0.21268293 0.21301205 0.21309524
 0.212      0.21162791 0.21126437 0.21045455 0.20921348 0.20866667
 0.20857143 0.20717391 0.20623656 0.20531915 0.20505263 0.205
 0.20371134 0.2022449  0.2010101  0.2       ], test/average precision [0.25389188238300875, 0.25842892015435737, 0.15015156882429154, 0.15673294734356788, 0.24080951786583302, 0.1695841841902876, 0.38845878576207327, 0.32821509947386523, 0.26673088232520903, 0.21277711590550247, 0.5904519250481941, 0.6789470937342786, 0.6436956606257787, 0.1894642410265214, 0.25032465863931, 0.2667760340210471, 0.5396741960116013, 0.21844502009272074, 0.1839343977698785, 0.14756876756006704, 0.194136823408135, 0.2286705542519009, 0.546705950845542, 0.22465874633816366, 0.2878052856715179, 0.4693551181083639, 0.2369382168473703, 0.1460362238717659, 0.4095598108114449, 0.23750102457114775, 0.14362000827324545, 0.1627449751989246, 0.49201809499254223, 0.25808326899397743, 0.4324458526351197, 0.3682213712271425, 0.3160784854555555, 0.2693031034650198, 0.23545084982799563, 0.37310654499993295, 0.1929152522176945, 0.14772547519591742, 0.3709365198849771, 0.20821504198327068, 0.5623072107613282, 0.705185825947145, 0.4404296727354985, 0.20511789037142578, 0.22575998317736873, 0.33733734027746], test/reciprocal rank [0.14285714285714285, 0.3333333333333333, 0.05555555555555555, 0.07692307692307693, 0.3333333333333333, 0.09090909090909091, 0.5, 1.0, 0.16666666666666666, 0.2, 1.0, 1.0, 1.0, 0.25, 0.5, 0.3333333333333333, 1.0, 0.16666666666666666, 0.1111111111111111, 0.07692307692307693, 0.1, 0.125, 1.0, 0.2, 0.3333333333333333, 0.3333333333333333, 1.0, 0.16666666666666666, 1.0, 0.2, 0.043478260869565216, 0.07142857142857142, 1.0, 0.16666666666666666, 1.0, 1.0, 0.3333333333333333, 0.25, 0.125, 0.5, 0.5, 0.16666666666666666, 1.0, 0.14285714285714285, 1.0, 1.0, 1.0, 0.16666666666666666, 0.25, 0.5]
---------------------------------------------------------------------------------
0.14
iter 1, loss 0.8406, grad_scale 10.0000, param_scale 19.3010, graph_vec_scale 0.0078, sim_pos -0.2029, sim_neg -0.3572, sim_diff 0.1543, time 146.03s
iter 2, loss 0.8066, grad_scale 10.0000, param_scale 19.2034, graph_vec_scale 0.0025, sim_pos -0.0332, sim_neg -0.0440, sim_diff 0.0108, time 52.67s
iter 3, loss 0.8015, grad_scale 10.0000, param_scale 19.1421, graph_vec_scale 0.0022, sim_pos -0.0076, sim_neg -0.0100, sim_diff 0.0024, time 42.02s
iter 4, loss 0.8004, grad_scale 10.0000, param_scale 19.0901, graph_vec_scale 0.0008, sim_pos -0.0018, sim_neg -0.0033, sim_diff 0.0016, time 46.20s
iter 5, loss 0.8000, grad_scale 3.0806, param_scale 19.0451, graph_vec_scale 0.0001, sim_pos -0.0002, sim_neg -0.0003, sim_diff 0.0001, time 44.05s
, test/mean_average_precision 0.3480570139457742, test/mean_reciprocal_rank 0.5950295435558594, test/average_precision_at_k_list [0.44       0.41       0.41333333 0.375      0.344      0.32666667
 0.33142857 0.33       0.33111111 0.32       0.31818182 0.32833333
 0.32153846 0.32142857 0.324      0.31875    0.31647059 0.32111111
 0.32210526 0.317      0.3152381  0.31090909 0.30782609 0.3025
 0.3016     0.29846154 0.29925926 0.30285714 0.29793103 0.29666667
 0.29677419 0.295      0.29272727 0.28882353 0.28857143 0.285
 0.28648649 0.28526316 0.28358974 0.282      0.27902439 0.27857143
 0.27674419 0.27363636 0.272      0.27304348 0.2693617  0.2675
 0.26897959 0.2648     0.2627451  0.26384615 0.26301887 0.26074074
 0.25854545 0.25642857 0.25508772 0.25413793 0.25355932 0.25333333
 0.25081967 0.2516129  0.25079365 0.2490625  0.24830769 0.24636364
 0.24447761 0.24294118 0.24144928 0.24028571 0.23859155 0.2375
 0.23589041 0.23432432 0.23306667 0.23210526 0.23064935 0.23025641
 0.22911392 0.22725    0.22592593 0.22512195 0.22385542 0.22142857
 0.22023529 0.21953488 0.2183908  0.21727273 0.21550562 0.214
 0.21252747 0.21152174 0.21010753 0.20893617 0.20736842 0.20625
 0.2043299  0.20326531 0.20141414 0.2       ], test/average precision [0.4990722827676036, 0.21241233522745412, 0.33838987861544656, 0.28146916663410576, 0.18849399772546221, 0.4664819933526597, 0.2405053746322273, 0.3358312168173835, 0.363039346495498, 0.19105079146882625, 0.4790032204599163, 0.27319964815552467, 0.7917664775440211, 0.3326686369492548, 0.2767345285594276, 0.6145561633998748, 0.6501065972047446, 0.3404646169394852, 0.27082059980461415, 0.16728068605034233, 0.2289061576983526, 0.3396105269247209, 0.2976539556819521, 0.21594265402991092, 0.22549977254089076, 0.7090943108615522, 0.22336657685488107, 0.492030626994166, 0.31329206191515235, 0.21061426897186913, 0.3577973844312249, 0.2065728452530379, 0.3702615576256948, 0.31417449612052695, 0.48027034254610096, 0.39461229964525496, 0.2667090733839096, 0.34559895718975764, 0.46032088925199155, 0.31208683565242645, 0.51529979445158, 0.3342972399542016, 0.4512592817380572, 0.22448549221742015, 0.2276284383249952, 0.23580517183580518, 0.29666965549596197, 0.4472667837422838, 0.2793635796406042, 0.3130121075105537], test/reciprocal rank [1.0, 0.16666666666666666, 1.0, 1.0, 0.06666666666666667, 1.0, 0.125, 0.5, 0.5, 0.125, 1.0, 0.16666666666666666, 1.0, 1.0, 0.5, 1.0, 1.0, 1.0, 0.25, 0.05263157894736842, 0.2, 1.0, 0.5, 0.25, 0.14285714285714285, 1.0, 0.3333333333333333, 1.0, 0.5, 0.09090909090909091, 1.0, 1.0, 0.5, 1.0, 0.5, 0.25, 0.1111111111111111, 0.5, 1.0, 1.0, 1.0, 0.3333333333333333, 1.0, 0.1111111111111111, 0.3333333333333333, 0.25, 0.14285714285714285, 1.0, 1.0, 0.25]
---------------------------------------------------------------------------------
0.16
iter 1, loss 0.8405, grad_scale 10.0000, param_scale 19.3001, graph_vec_scale 0.0076, sim_pos -0.2024, sim_neg -0.3495, sim_diff 0.1471, time 119.59s
iter 2, loss 0.8057, grad_scale 10.0000, param_scale 19.2030, graph_vec_scale 0.0023, sim_pos -0.0286, sim_neg -0.0355, sim_diff 0.0069, time 37.98s
iter 3, loss 0.8014, grad_scale 10.0000, param_scale 19.1413, graph_vec_scale 0.0018, sim_pos -0.0069, sim_neg -0.0080, sim_diff 0.0011, time 48.19s
iter 4, loss 0.8003, grad_scale 10.0000, param_scale 19.0881, graph_vec_scale 0.0005, sim_pos -0.0017, sim_neg -0.0026, sim_diff 0.0008, time 46.16s
iter 5, loss 0.8001, grad_scale 6.1537, param_scale 19.0419, graph_vec_scale 0.0004, sim_pos -0.0006, sim_neg -0.0010, sim_diff 0.0003, time 39.96s
, test/mean_average_precision 0.3534888421527112, test/mean_reciprocal_rank 0.5627971139971141, test/average_precision_at_k_list [0.36       0.38       0.38666667 0.355      0.36       0.35
 0.34857143 0.34       0.32666667 0.328      0.32181818 0.32666667
 0.32307692 0.32571429 0.324      0.32375    0.32470588 0.32444444
 0.32526316 0.32       0.31904762 0.32272727 0.32086957 0.3225
 0.3184     0.31384615 0.31259259 0.30785714 0.30551724 0.302
 0.30129032 0.299375   0.29454545 0.29294118 0.29085714 0.28833333
 0.28918919 0.28684211 0.28615385 0.284      0.28536585 0.28714286
 0.28651163 0.28318182 0.284      0.28173913 0.28255319 0.28125
 0.27877551 0.2772     0.27686275 0.27346154 0.27169811 0.27
 0.268      0.26785714 0.26701754 0.26586207 0.26542373 0.26433333
 0.26327869 0.26258065 0.26       0.2590625  0.25815385 0.25606061
 0.25402985 0.25264706 0.2515942  0.24942857 0.24788732 0.24611111
 0.24438356 0.24243243 0.2408     0.24       0.23844156 0.23717949
 0.23620253 0.23425    0.23209877 0.2297561  0.2286747  0.22738095
 0.22588235 0.22418605 0.22344828 0.22181818 0.22       0.21822222
 0.21648352 0.21456522 0.21311828 0.21148936 0.21031579 0.208125
 0.20618557 0.20408163 0.2020202  0.2       ], test/average precision [0.44913687152502657, 0.2782623462855857, 0.4491314900279293, 0.24626555435016897, 0.2142473825852352, 0.3660481768124927, 0.2399273581440092, 0.3618572303921671, 0.383597204019612, 0.19314818396731465, 0.3732708900141356, 0.4084560929369818, 0.9379366147679514, 0.3580721941853293, 0.30990973890662665, 0.5288933674792381, 0.4449890124440021, 0.33122735044472545, 0.3032841216586181, 0.18854678517436724, 0.16021846282741842, 0.34064729560687146, 0.236897082477655, 0.44312609219226856, 0.3130102866631147, 0.6966699010581199, 0.2573330200377281, 0.4043790575199657, 0.4335894814047371, 0.23572293194091806, 0.30146307847014625, 0.18827941084308536, 0.4238049430460194, 0.29918733558578825, 0.5372786127200829, 0.4197617716976513, 0.35954501987289117, 0.26669722720018124, 0.421585249930157, 0.44485482214198163, 0.4880445821161433, 0.269977986911983, 0.3656922946543776, 0.18373067884929434, 0.22263121201226999, 0.26566655497086045, 0.30927195429484533, 0.34545803755667875, 0.307680900950822, 0.3660288559599907], test/reciprocal rank [0.5, 0.5, 1.0, 1.0, 0.07142857142857142, 1.0, 0.125, 0.5, 1.0, 0.045454545454545456, 0.5, 0.2, 1.0, 0.5, 1.0, 0.5, 0.2, 0.3333333333333333, 0.3333333333333333, 0.1111111111111111, 0.04, 1.0, 0.14285714285714285, 1.0, 0.3333333333333333, 1.0, 1.0, 1.0, 1.0, 0.16666666666666666, 0.3333333333333333, 0.3333333333333333, 0.5, 0.5, 1.0, 1.0, 1.0, 0.5, 1.0, 0.5, 1.0, 0.125, 0.5, 0.07142857142857142, 0.25, 0.09090909090909091, 0.3333333333333333, 1.0, 0.5, 0.5]
---------------------------------------------------------------------------------
0.18
iter 1, loss 0.8406, grad_scale 10.0000, param_scale 19.2993, graph_vec_scale 0.0074, sim_pos -0.2030, sim_neg -0.3429, sim_diff 0.1399, time 151.32s
iter 2, loss 0.8063, grad_scale 10.0000, param_scale 19.2018, graph_vec_scale 0.0028, sim_pos -0.0313, sim_neg -0.0364, sim_diff 0.0051, time 43.99s
iter 3, loss 0.8011, grad_scale 10.0000, param_scale 19.1376, graph_vec_scale 0.0020, sim_pos -0.0055, sim_neg -0.0075, sim_diff 0.0020, time 53.05s
iter 4, loss 0.8003, grad_scale 9.0028, param_scale 19.0822, graph_vec_scale 0.0003, sim_pos -0.0013, sim_neg -0.0017, sim_diff 0.0004, time 42.26s
iter 5, loss 0.8001, grad_scale 3.5347, param_scale 19.0365, graph_vec_scale 0.0003, sim_pos -0.0005, sim_neg -0.0007, sim_diff 0.0002, time 42.59s
, test/mean_average_precision 0.3550239229230674, test/mean_reciprocal_rank 0.5303339553167139, test/average_precision_at_k_list [0.38       0.38       0.32666667 0.325      0.32       0.34
 0.34       0.3275     0.32666667 0.324      0.32727273 0.31333333
 0.31384615 0.32       0.31866667 0.3175     0.32117647 0.32222222
 0.32526316 0.326      0.32285714 0.32       0.32086957 0.31583333
 0.3136     0.31615385 0.31037037 0.30642857 0.30551724 0.30133333
 0.29870968 0.2975     0.29818182 0.29588235 0.296      0.29388889
 0.28864865 0.28526316 0.28358974 0.2835     0.28292683 0.28428571
 0.28186047 0.28136364 0.28088889 0.28       0.2787234  0.27625
 0.27387755 0.2716     0.27058824 0.26884615 0.26981132 0.26740741
 0.26654545 0.26428571 0.26175439 0.25965517 0.25728814 0.255
 0.25344262 0.25258065 0.25047619 0.248125   0.24738462 0.24636364
 0.24477612 0.24235294 0.24202899 0.24028571 0.23887324 0.23861111
 0.23726027 0.23594595 0.2344     0.23368421 0.23194805 0.23128205
 0.22987342 0.228      0.22617284 0.22560976 0.22409639 0.22333333
 0.22188235 0.22069767 0.21908046 0.21795455 0.21640449 0.216
 0.21538462 0.21369565 0.21290323 0.21085106 0.20884211 0.20729167
 0.20556701 0.20346939 0.20181818 0.2       ], test/average precision [0.37397572979073956, 0.2895226474253768, 0.29825304527721186, 0.234978812447387, 0.3292056713777908, 0.38794370767141645, 0.20731271825216915, 0.35473922515420275, 0.31313539106914723, 0.2470620331753084, 0.22262141141288402, 0.39784072253500585, 0.915257712846722, 0.3962152968317606, 0.5885985756009599, 0.4725398315274438, 0.436021474843961, 0.38442997318909283, 0.22143886637418633, 0.25884481863704484, 0.14560095797465242, 0.5263310486760658, 0.21144516805988486, 0.4720236831548085, 0.19489738942449733, 0.753737250276963, 0.20731457747478718, 0.3259437974611302, 0.20215724724703624, 0.3874136039391177, 0.3230590762414979, 0.18120001996115898, 0.19434051888247766, 0.3881201693915758, 0.5770831204352624, 0.2716806853472565, 0.529074274543377, 0.1657834779639648, 0.3468407084052271, 0.5172323190823339, 0.21069872808088844, 0.27544984894853336, 0.401831465757002, 0.5627791125447529, 0.2839748902499829, 0.17276016320452392, 0.2359896892219449, 0.2504034802810004, 0.6066448824788012, 0.49944712600305297], test/reciprocal rank [0.5, 0.1, 0.5, 0.5, 1.0, 0.5, 0.07142857142857142, 1.0, 0.25, 0.125, 0.2, 1.0, 1.0, 1.0, 1.0, 1.0, 1.0, 0.5, 0.1, 0.16666666666666666, 0.034482758620689655, 1.0, 0.25, 1.0, 0.09090909090909091, 1.0, 0.09090909090909091, 0.3333333333333333, 0.16666666666666666, 0.5, 0.3333333333333333, 0.05555555555555555, 0.05, 1.0, 0.5, 0.14285714285714285, 1.0, 0.06666666666666667, 0.3333333333333333, 1.0, 0.08333333333333333, 1.0, 1.0, 1.0, 0.16666666666666666, 0.05555555555555555, 0.25, 0.5, 1.0, 1.0]
---------------------------------------------------------------------------------
0.2
iter 1, loss 0.8414, grad_scale 10.0000, param_scale 19.2984, graph_vec_scale 0.0074, sim_pos -0.2068, sim_neg -0.3407, sim_diff 0.1339, time 148.30s
iter 2, loss 0.8057, grad_scale 10.0000, param_scale 19.2009, graph_vec_scale 0.0028, sim_pos -0.0286, sim_neg -0.0346, sim_diff 0.0060, time 46.34s
iter 3, loss 0.8017, grad_scale 10.0000, param_scale 19.1358, graph_vec_scale 0.0025, sim_pos -0.0084, sim_neg -0.0111, sim_diff 0.0026, time 32.87s
iter 4, loss 0.8014, grad_scale 10.0000, param_scale 19.0737, graph_vec_scale 0.0017, sim_pos -0.0069, sim_neg -0.0091, sim_diff 0.0021, time 43.00s
iter 5, loss 0.8001, grad_scale 3.5120, param_scale 19.0283, graph_vec_scale 0.0003, sim_pos -0.0004, sim_neg -0.0006, sim_diff 0.0002, time 42.65s
, test/mean_average_precision 0.33160944116248636, test/mean_reciprocal_rank 0.49630995758627333, test/average_precision_at_k_list [0.3        0.32       0.32666667 0.33       0.328      0.32666667
 0.33428571 0.325      0.32       0.324      0.31818182 0.32
 0.32       0.31571429 0.304      0.30625    0.30823529 0.29888889
 0.29473684 0.292      0.29428571 0.28909091 0.28695652 0.28583333
 0.2848     0.28153846 0.28       0.27785714 0.27793103 0.27666667
 0.27806452 0.27625    0.27393939 0.27058824 0.26914286 0.26666667
 0.26432432 0.26315789 0.26153846 0.2605     0.25853659 0.2552381
 0.25116279 0.25090909 0.25066667 0.24782609 0.24851064 0.24625
 0.24571429 0.2464     0.24392157 0.24384615 0.24226415 0.23962963
 0.23745455 0.23571429 0.23438596 0.23310345 0.23118644 0.22966667
 0.22786885 0.22645161 0.22634921 0.2265625  0.22707692 0.22727273
 0.22567164 0.22441176 0.22376812 0.22371429 0.22338028 0.22277778
 0.22246575 0.22189189 0.22133333 0.22052632 0.21948052 0.21974359
 0.21898734 0.219      0.21802469 0.21682927 0.21614458 0.2147619
 0.21458824 0.21372093 0.21241379 0.21204545 0.21123596 0.21088889
 0.20967033 0.20913043 0.2083871  0.20744681 0.20631579 0.20479167
 0.20391753 0.2022449  0.2010101  0.2       ], test/average precision [0.40825598440010935, 0.2985157491343139, 0.18724012353904804, 0.14514014815600895, 0.2321745481884853, 0.49337057412442975, 0.22736056555217532, 0.2674483529706552, 0.24639336362838749, 0.23786548238486732, 0.5879161983334412, 0.7299564847390935, 0.7652341371489564, 0.17428636227755176, 0.2464867742530817, 0.38336090459694455, 0.45190648710670595, 0.2585805128728921, 0.20169689223770176, 0.17343200679973167, 0.14880321800015328, 0.4790202920398229, 0.17964686811791014, 0.15250427901510805, 0.2605650262045074, 0.6386322137560527, 0.30071859032874093, 0.2887267749606396, 0.274618077755794, 0.24834377328241844, 0.22295603360553945, 0.19462729818319152, 0.2892466732044528, 0.3270712750667652, 0.5097338081646251, 0.31726424798351094, 0.5342905014655569, 0.16751515695557367, 0.20322143962306294, 0.31542772787976664, 0.26090920870724016, 0.15654082092858218, 0.34769935976774885, 0.1889299609467268, 0.4016286089124711, 0.5873242229561939, 0.39392193424698113, 0.16877552084599307, 0.6821034166174831, 0.6230840761571234], test/reciprocal rank [1.0, 0.2, 0.07142857142857142, 0.14285714285714285, 0.0625, 0.5, 0.3333333333333333, 0.16666666666666666, 0.3333333333333333, 0.3333333333333333, 1.0, 1.0, 1.0, 0.07142857142857142, 0.2, 1.0, 0.5, 1.0, 0.25, 0.1, 0.05263157894736842, 0.5, 0.16666666666666666, 0.038461538461538464, 0.2, 0.5, 1.0, 0.5, 0.25, 1.0, 0.5, 0.25, 1.0, 0.5, 0.5, 0.2, 1.0, 0.08333333333333333, 0.25, 1.0, 0.3333333333333333, 0.14285714285714285, 0.3333333333333333, 0.5, 0.5, 1.0, 1.0, 0.25, 1.0, 1.0]
---------------------------------------------------------------------------------
0.3
iter 1, loss 0.8469, grad_scale 10.0000, param_scale 19.2936, graph_vec_scale 0.0084, sim_pos -0.2347, sim_neg -0.3607, sim_diff 0.1260, time 142.67s
iter 2, loss 0.8045, grad_scale 10.0000, param_scale 19.1942, graph_vec_scale 0.0025, sim_pos -0.0227, sim_neg -0.0253, sim_diff 0.0026, time 39.58s
iter 3, loss 0.8015, grad_scale 10.0000, param_scale 19.1328, graph_vec_scale 0.0013, sim_pos -0.0075, sim_neg -0.0084, sim_diff 0.0010, time 40.80s
iter 4, loss 0.8003, grad_scale 10.0000, param_scale 19.0762, graph_vec_scale 0.0006, sim_pos -0.0015, sim_neg -0.0023, sim_diff 0.0008, time 33.58s
iter 5, loss 0.8001, grad_scale 6.3546, param_scale 19.0307, graph_vec_scale 0.0002, sim_pos -0.0005, sim_neg -0.0008, sim_diff 0.0003, time 35.55s
, test/mean_average_precision 0.3060754453641914, test/mean_reciprocal_rank 0.46481553795361846, test/average_precision_at_k_list [0.28       0.31       0.29333333 0.305      0.292      0.26333333
 0.25428571 0.265      0.26666667 0.27       0.27818182 0.27833333
 0.27846154 0.27857143 0.28533333 0.27875    0.27529412 0.27777778
 0.27473684 0.269      0.26857143 0.26545455 0.26434783 0.26416667
 0.2608     0.26153846 0.25925926 0.25785714 0.25724138 0.254
 0.25419355 0.25875    0.25515152 0.25235294 0.25028571 0.25166667
 0.25027027 0.25052632 0.24820513 0.2485     0.2497561  0.24857143
 0.24651163 0.24409091 0.24311111 0.2426087  0.24297872 0.2425
 0.24122449 0.2404     0.23843137 0.23923077 0.23924528 0.23777778
 0.236      0.235      0.23333333 0.23241379 0.23220339 0.23066667
 0.23081967 0.22935484 0.22825397 0.2284375  0.22676923 0.22606061
 0.22597015 0.22441176 0.22347826 0.22228571 0.22140845 0.22027778
 0.22       0.21972973 0.2192     0.21921053 0.21766234 0.2174359
 0.2164557  0.21575    0.21530864 0.21317073 0.21301205 0.21214286
 0.21176471 0.21116279 0.21103448 0.21022727 0.2094382  0.20822222
 0.20725275 0.20630435 0.20537634 0.20553191 0.20568421 0.205
 0.20391753 0.20306122 0.20161616 0.2       ], test/average precision [0.40718716620377915, 0.319680144085404, 0.19849148347067858, 0.14332450179834844, 0.28040971442622564, 0.22730029061160875, 0.2031117284563763, 0.38973812082825277, 0.3000298311946324, 0.319822831612133, 0.39610375933528047, 0.6028979290363944, 0.900594138403736, 0.2974379124111375, 0.19121816193664504, 0.2045354708485613, 0.5645640460151713, 0.35235849117432283, 0.16973271395174672, 0.18321020475901703, 0.13964799091905525, 0.28357543280081876, 0.20162989130952141, 0.19576671039366877, 0.20546220012057512, 0.5803939676579809, 0.2620808071685965, 0.19102864825745308, 0.23562734390514084, 0.2277391652808593, 0.2097570097708575, 0.23308600918440092, 0.2126446654480567, 0.302606823879385, 0.6043118467789521, 0.33487046695837863, 0.36016582636333305, 0.19845466150001384, 0.29149797292076446, 0.44434118650956317, 0.2632774922744348, 0.2805205983660264, 0.4122936464619566, 0.17269220654494033, 0.2922897351517181, 0.237895640508254, 0.2658876728314986, 0.18276111860901662, 0.18422870740161187, 0.6454881823732864], test/reciprocal rank [0.5, 0.5, 0.16666666666666666, 0.058823529411764705, 0.3333333333333333, 0.1, 0.07142857142857142, 0.5, 0.5, 0.5, 1.0, 1.0, 1.0, 1.0, 0.125, 0.06666666666666667, 1.0, 1.0, 0.3333333333333333, 0.09090909090909091, 0.04, 1.0, 0.125, 0.1111111111111111, 0.25, 1.0, 0.5, 0.25, 0.3333333333333333, 0.1111111111111111, 0.125, 0.5, 0.3333333333333333, 0.2, 0.5, 0.3333333333333333, 1.0, 0.125, 1.0, 1.0, 0.5, 1.0, 1.0, 0.05263157894736842, 0.25, 0.1, 0.5, 0.07142857142857142, 0.08333333333333333, 1.0]
---------------------------------------------------------------------------------
0.4
iter 1, loss 0.8479, grad_scale 10.0000, param_scale 19.2905, graph_vec_scale 0.0090, sim_pos -0.2395, sim_neg -0.3616, sim_diff 0.1220, time 157.27s
iter 2, loss 0.8032, grad_scale 10.0000, param_scale 19.1932, graph_vec_scale 0.0024, sim_pos -0.0162, sim_neg -0.0198, sim_diff 0.0036, time 44.40s
iter 3, loss 0.8014, grad_scale 10.0000, param_scale 19.1346, graph_vec_scale 0.0021, sim_pos -0.0068, sim_neg -0.0071, sim_diff 0.0004, time 40.85s
iter 4, loss 0.8009, grad_scale 10.0000, param_scale 19.0770, graph_vec_scale 0.0022, sim_pos -0.0043, sim_neg -0.0074, sim_diff 0.0032, time 33.11s
iter 5, loss 0.8001, grad_scale 2.6004, param_scale 19.0298, graph_vec_scale 0.0002, sim_pos -0.0004, sim_neg -0.0005, sim_diff 0.0002, time 38.67s
, test/mean_average_precision 0.3176973488539233, test/mean_reciprocal_rank 0.44962611832611826, test/average_precision_at_k_list [0.26       0.26       0.24666667 0.275      0.3        0.29
 0.28857143 0.2875     0.28888889 0.292      0.29636364 0.28666667
 0.28923077 0.29       0.292      0.29125    0.29058824 0.29
 0.29263158 0.3        0.2952381  0.29454545 0.28695652 0.29
 0.2912     0.28692308 0.28666667 0.28571429 0.2862069  0.28533333
 0.28451613 0.280625   0.28       0.27764706 0.27542857 0.27388889
 0.27297297 0.26894737 0.26871795 0.2655     0.26390244 0.26190476
 0.26046512 0.25818182 0.25777778 0.2573913  0.25617021 0.255
 0.25428571 0.2532     0.25058824 0.24807692 0.2490566  0.24777778
 0.24727273 0.24535714 0.24385965 0.24413793 0.24440678 0.24466667
 0.24327869 0.2416129  0.24095238 0.240625   0.24       0.23848485
 0.23970149 0.23764706 0.23623188 0.23485714 0.23492958 0.23194444
 0.23041096 0.22891892 0.22773333 0.22763158 0.22779221 0.22564103
 0.22481013 0.2245     0.22246914 0.22121951 0.22096386 0.21928571
 0.21764706 0.21697674 0.21632184 0.21545455 0.21370787 0.21288889
 0.21164835 0.21065217 0.20946237 0.20808511 0.20715789 0.20604167
 0.20474227 0.20326531 0.20141414 0.2       ], test/average precision [0.47401301306456434, 0.34482621805429303, 0.30469440478376236, 0.202984240322569, 0.30926549380225155, 0.3207632802516264, 0.23756223163278087, 0.2830345781327136, 0.23665208973508048, 0.35367850534729917, 0.3630076598373299, 0.4634302120052337, 0.8381935450391331, 0.32094120642503665, 0.18702169676132852, 0.3609554976069889, 0.3463710086389561, 0.4017795109354119, 0.2438443860373035, 0.4410099282818507, 0.16632037698613858, 0.39686184091677607, 0.12958543927784225, 0.21959893251140605, 0.2659710062568811, 0.4095588964734004, 0.4512309152010318, 0.4155101404510213, 0.19297213090433768, 0.23172191330753558, 0.17806657199378736, 0.22603182011579462, 0.21888489967695451, 0.28215523991539004, 0.5623826061255378, 0.3344069126078193, 0.37349786304128296, 0.15545571828368987, 0.20378728576769403, 0.5802362524707215, 0.2611537978014685, 0.2676079184743968, 0.3070796895881222, 0.18587644733423672, 0.2925013211130252, 0.23235536331695122, 0.28306205481914787, 0.2111566377725788, 0.28612407717378097, 0.5296846663219], test/reciprocal rank [1.0, 0.5, 1.0, 0.25, 0.3333333333333333, 0.25, 0.14285714285714285, 0.2, 0.2, 0.5, 0.5, 0.5, 1.0, 0.3333333333333333, 0.14285714285714285, 0.5, 0.3333333333333333, 0.5, 0.3333333333333333, 0.5, 0.1, 1.0, 0.04, 1.0, 0.3333333333333333, 0.25, 1.0, 0.25, 0.1111111111111111, 0.1, 0.08333333333333333, 1.0, 0.09090909090909091, 1.0, 1.0, 0.2, 0.3333333333333333, 0.06666666666666667, 0.14285714285714285, 1.0, 0.14285714285714285, 0.3333333333333333, 1.0, 0.125, 0.16666666666666666, 0.14285714285714285, 1.0, 0.2, 0.25, 1.0]


SQUAD


iter 1, loss 0.9000, grad_scale 0.0002, param_scale 55.2335, graph_vec_scale 0.0000, sim_pos -0.0000, sim_neg -0.0000, sim_diff -0.0000, time 4962.23s
iter 2, loss 0.9000, grad_scale 0.0001, param_scale 55.2435, graph_vec_scale 0.0000, sim_pos -0.0000, sim_neg -0.0000, sim_diff -0.0000, time 4032.26s
iter 3, loss 0.9000, grad_scale 0.0000, param_scale 55.2509, graph_vec_scale 0.0000, sim_pos -0.0000, sim_neg -0.0000, sim_diff -0.0000, time 3664.40s
iter 4, loss 0.9000, grad_scale 0.0000, param_scale 55.2574, graph_vec_scale 0.0000, sim_pos -0.0000, sim_neg -0.0000, sim_diff -0.0000, time 4043.68s
iter 5, loss 0.9000, grad_scale 0.0000, param_scale 55.2636, graph_vec_scale 0.0000, sim_pos -0.0000, sim_neg -0.0000, sim_diff -0.0000, time 3871.23s
, test/mean_average_precision 0.27340079365079367, test/mean_reciprocal_rank 0.2721349206349207, test/average_precision_at_k_list [0.06       0.09       0.09       0.1025     0.098      0.1
 0.09714286 0.09875    0.1        0.1       ], test/average precision [0.14285714285714285, 0.1111111111111111, 0.16666666666666666, 0.25, 0.5, 0.25, 0.25, 0.1, 0.3333333333333333, 0.2, 0.14285714285714285, 0.16666666666666666, 0.1111111111111111, 0.1111111111111111, 0.1111111111111111, 0.3333333333333333, 1.0, 0.125, 1.0, 0.1111111111111111, 0.25, 0.16666666666666666, 0.5, 0.3333333333333333, 0.5, 0.25, 0.14285714285714285, 0.125, 0.16666666666666666, 0.3333333333333333, 0.1111111111111111, 0.1, 0.16666666666666666, 0.1111111111111111, 0.25, 0.16666666666666666, 0.16666666666666666, 0.125, 0.1111111111111111, 0.5, 0.2, 1.0, 0.125, 1.0, 0.25, 0.1111111111111111, 0.1111111111111111, 0.5, 0.125, 0.25, 0.125, 0.2, 0.2, 0.3333333333333333, 0.14285714285714285, 0.5, 0.5, 0.25, 0.2, 0.3333333333333333, 0.5, 0.14285714285714285, 1.0, 0.125, 0.1, 0.25, 0.1, 0.25, 1.0, 0.25, 0.5, 0.1, 0.125, 0.2, 0.2, 0.16666666666666666, 0.5, 0.125, 0.16666666666666666, 0.14285714285714285, 0.1111111111111111, 0.1, 0.16666666666666666, 0.1111111111111111, 0.1111111111111111, 0.3333333333333333, 0.3333333333333333, 0.3333333333333333, 0.3333333333333333, 0.25, 0.125, 0.125, 0.5, 0.16666666666666666, 1.0, 0.1, 0.1111111111111111, 0.25, 0.14285714285714285, 0.14285714285714285], test/reciprocal rank [0.14285714285714285, 0.1111111111111111, 0.16666666666666666, 0.25, 0.5, 0.25, 0.25, 0.1, 0.3333333333333333, 0.2, 0.14285714285714285, 0.16666666666666666, 0.1111111111111111, 0.1111111111111111, 0.1111111111111111, 0.3333333333333333, 1.0, 0.125, 1.0, 0.1111111111111111, 0.25, 0.16666666666666666, 0.5, 0.3333333333333333, 0.5, 0.25, 0.14285714285714285, 0.14285714285714285, 0.16666666666666666, 0.3333333333333333, 0.1111111111111111, 0.1, 0.16666666666666666, 0.1111111111111111, 0.25, 0.16666666666666666, 0.16666666666666666, 0.125, 0.1111111111111111, 0.5, 0.2, 1.0, 0.125, 1.0, 0.25, 0.1, 0.1111111111111111, 0.5, 0.125, 0.25, 0.125, 0.2, 0.2, 0.3333333333333333, 0.14285714285714285, 0.5, 0.5, 0.2, 0.2, 0.3333333333333333, 0.5, 0.14285714285714285, 1.0, 0.125, 0.1, 0.25, 0.1, 0.25, 1.0, 0.25, 0.5, 0.1, 0.125, 0.2, 0.2, 0.16666666666666666, 0.5, 0.125, 0.16666666666666666, 0.14285714285714285, 0.1111111111111111, 0.1, 0.16666666666666666, 0.1111111111111111, 0.1111111111111111, 0.3333333333333333, 0.25, 0.3333333333333333, 0.3333333333333333, 0.25, 0.125, 0.125, 0.5, 0.16666666666666666, 1.0, 0.1, 0.1111111111111111, 0.25, 0.14285714285714285, 0.14285714285714285]
